<?xml version="1.0"?>
<testsuites>
  <testsuite name="Chrome 40.0.2214 (Linux 0.0.0)" package="" timestamp="2015-06-02T03:51:47" id="0" hostname="yuchengslave-slave">
    <properties>
      <property name="browser.fullName" value="Mozilla/5.0 (X11; Linux i686 (x86_64)) AppleWebKit/537.36 (KHTML, like Gecko) Chrome/40.0.2214.115 Safari/537.36"/>
    </properties>
  </testsuite>
  <testsuite name="Chrome 40.0.2214 (Linux 0.0.0)" package="" timestamp="2015-06-02T03:51:47" id="0" hostname="yuchengslave-slave" tests="2" errors="1" failures="2" time="0.009">
    <properties>
      <property name="browser.fullName" value="Mozilla/5.0 (X11; Linux i686 (x86_64)) AppleWebKit/537.36 (KHTML, like Gecko) Chrome/40.0.2214.115 Safari/537.36"/>
    </properties>
    <testcase name="scope should be defined" time="0.006" classname="Chrome 40.0.2214 (Linux 0.0.0).load loginApp loginAppController">
      <failure type="">Error: [$injector:modulerr] http://errors.angularjs.org/1.3.14/$injector/modulerr?p0=loginApp&amp;p1=Error%3A%20%5B%24injector%3Anomod%5D%20http%3A%2F%2Ferrors.angularjs.org%2F1.3.14%2F%24injector%2Fnomod%3Fp0%3DloginApp%0A%20%20%20%20at%20Error%20(native)%0A%20%20%20%20at%20http%3A%2F%2Flocalhost%3A9876%2Fabsolute%2Fhome%2Fyucheng-slave%2FYummet%2FWebapp%2Fapp%2Fv1%2Fcore%2Fappserver%2Fsrc%2Fmain%2Fwebapp%2Fassets%2Fjs%2Fangular_v1.3.14%2Fangular.min.js%3F979143a6b10532413aefba462844d59df29fb2c1%3A6%3A417%0A%20%20%20%20at%20http%3A%2F%2Flocalhost%3A9876%2Fabsolute%2Fhome%2Fyucheng-slave%2FYummet%2FWebapp%2Fapp%2Fv1%2Fcore%2Fappserver%2Fsrc%2Fmain%2Fwebapp%2Fassets%2Fjs%2Fangular_v1.3.14%2Fangular.min.js%3F979143a6b10532413aefba462844d59df29fb2c1%3A21%3A412%0A%20%20%20%20at%20a%20(http%3A%2F%2Flocalhost%3A9876%2Fabsolute%2Fhome%2Fyucheng-slave%2FYummet%2FWebapp%2Fapp%2Fv1%2Fcore%2Fappserver%2Fsrc%2Fmain%2Fwebapp%2Fassets%2Fjs%2Fangular_v1.3.14%2Fangular.min.js%3F979143a6b10532413aefba462844d59df29fb2c1%3A21%3A53)%0A%20%20%20%20at%20http%3A%2F%2Flocalhost%3A9876%2Fabsolute%2Fhome%2Fyucheng-slave%2FYummet%2FWebapp%2Fapp%2Fv1%2Fcore%2Fappserver%2Fsrc%2Fmain%2Fwebapp%2Fassets%2Fjs%2Fangular_v1.3.14%2Fangular.min.js%3F979143a6b10532413aefba462844d59df29fb2c1%3A21%3A296%0A%20%20%20%20at%20http%3A%2F%2Flocalhost%3A9876%2Fabsolute%2Fhome%2Fyucheng-slave%2FYummet%2FWebapp%2Fapp%2Fv1%2Fcore%2Fappserver%2Fsrc%2Fmain%2Fwebapp%2Fassets%2Fjs%2Fangular_v1.3.14%2Fangular.min.js%3F979143a6b10532413aefba462844d59df29fb2c1%3A35%3A116%0A%20%20%20%20at%20s%20(http%3A%2F%2Flocalhost%3A9876%2Fabsolute%2Fhome%2Fyucheng-slave%2FYummet%2FWebapp%2Fapp%2Fv1%2Fcore%2Fappserver%2Fsrc%2Fmain%2Fwebapp%2Fassets%2Fjs%2Fangular_v1.3.14%2Fangular.min.js%3F979143a6b10532413aefba462844d59df29fb2c1%3A7%3A302)%0A%20%20%20%20at%20g%20(http%3A%2F%2Flocalhost%3A9876%2Fabsolute%2Fhome%2Fyucheng-slave%2FYummet%2FWebapp%2Fapp%2Fv1%2Fcore%2Fappserver%2Fsrc%2Fmain%2Fwebapp%2Fassets%2Fjs%2Fangular_v1.3.14%2Fangular.min.js%3F979143a6b10532413aefba462844d59df29fb2c1%3A34%3A399)%0A%20%20%20%20at%20Object.ab%20%5Bas%20injector%5D%20(http%3A%2F%2Flocalhost%3A9876%2Fabsolute%2Fhome%2Fyucheng-slave%2FYummet%2FWebapp%2Fapp%2Fv1%2Fcore%2Fappserver%2Fsrc%2Fmain%2Fwebapp%2Fassets%2Fjs%2Fangular_v1.3.14%2Fangular.min.js%3F979143a6b10532413aefba462844d59df29fb2c1%3A38%3A135)%0A%20%20%20%20at%20Object.workFn%20(http%3A%2F%2Flocalhost%3A9876%2Fbase%2Fangular-mocks.js%3F22d2ba1b1057c6b4d908b5bef8c0f16e46f8b036%3A2353%3A52)
    at Error (native)
    at /home/yucheng-slave/Yummet/Webapp/app/v1/core/appserver/src/main/webapp/assets/js/angular_v1.3.14/angular.min.js:6:417
    at /home/yucheng-slave/Yummet/Webapp/app/v1/core/appserver/src/main/webapp/assets/js/angular_v1.3.14/angular.min.js:35:320
    at s (/home/yucheng-slave/Yummet/Webapp/app/v1/core/appserver/src/main/webapp/assets/js/angular_v1.3.14/angular.min.js:7:302)
    at g (/home/yucheng-slave/Yummet/Webapp/app/v1/core/appserver/src/main/webapp/assets/js/angular_v1.3.14/angular.min.js:34:399)
    at Object.ab [as injector] (/home/yucheng-slave/Yummet/Webapp/app/v1/core/appserver/src/main/webapp/assets/js/angular_v1.3.14/angular.min.js:38:135)
    at Object.workFn (/home/yucheng-slave/Yummet/Webapp/app/v1/core/appserver/src/main/webapp/resources/angular/test/angular-mocks.js:2353:52)
</failure>
    </testcase>
    <testcase name="should assign message to hello world" time="0.003" classname="Chrome 40.0.2214 (Linux 0.0.0).load notificationApp notificationAppController">
      <failure type="">Error: [$injector:modulerr] http://errors.angularjs.org/1.3.14/$injector/modulerr?p0=notificationApp&amp;p1=Error%3A%20%5B%24injector%3Anomod%5D%20http%3A%2F%2Ferrors.angularjs.org%2F1.3.14%2F%24injector%2Fnomod%3Fp0%3DnotificationApp%0A%20%20%20%20at%20Error%20(native)%0A%20%20%20%20at%20http%3A%2F%2Flocalhost%3A9876%2Fabsolute%2Fhome%2Fyucheng-slave%2FYummet%2FWebapp%2Fapp%2Fv1%2Fcore%2Fappserver%2Fsrc%2Fmain%2Fwebapp%2Fassets%2Fjs%2Fangular_v1.3.14%2Fangular.min.js%3F979143a6b10532413aefba462844d59df29fb2c1%3A6%3A417%0A%20%20%20%20at%20http%3A%2F%2Flocalhost%3A9876%2Fabsolute%2Fhome%2Fyucheng-slave%2FYummet%2FWebapp%2Fapp%2Fv1%2Fcore%2Fappserver%2Fsrc%2Fmain%2Fwebapp%2Fassets%2Fjs%2Fangular_v1.3.14%2Fangular.min.js%3F979143a6b10532413aefba462844d59df29fb2c1%3A21%3A412%0A%20%20%20%20at%20a%20(http%3A%2F%2Flocalhost%3A9876%2Fabsolute%2Fhome%2Fyucheng-slave%2FYummet%2FWebapp%2Fapp%2Fv1%2Fcore%2Fappserver%2Fsrc%2Fmain%2Fwebapp%2Fassets%2Fjs%2Fangular_v1.3.14%2Fangular.min.js%3F979143a6b10532413aefba462844d59df29fb2c1%3A21%3A53)%0A%20%20%20%20at%20http%3A%2F%2Flocalhost%3A9876%2Fabsolute%2Fhome%2Fyucheng-slave%2FYummet%2FWebapp%2Fapp%2Fv1%2Fcore%2Fappserver%2Fsrc%2Fmain%2Fwebapp%2Fassets%2Fjs%2Fangular_v1.3.14%2Fangular.min.js%3F979143a6b10532413aefba462844d59df29fb2c1%3A21%3A296%0A%20%20%20%20at%20http%3A%2F%2Flocalhost%3A9876%2Fabsolute%2Fhome%2Fyucheng-slave%2FYummet%2FWebapp%2Fapp%2Fv1%2Fcore%2Fappserver%2Fsrc%2Fmain%2Fwebapp%2Fassets%2Fjs%2Fangular_v1.3.14%2Fangular.min.js%3F979143a6b10532413aefba462844d59df29fb2c1%3A35%3A116%0A%20%20%20%20at%20s%20(http%3A%2F%2Flocalhost%3A9876%2Fabsolute%2Fhome%2Fyucheng-slave%2FYummet%2FWebapp%2Fapp%2Fv1%2Fcore%2Fappserver%2Fsrc%2Fmain%2Fwebapp%2Fassets%2Fjs%2Fangular_v1.3.14%2Fangular.min.js%3F979143a6b10532413aefba462844d59df29fb2c1%3A7%3A302)%0A%20%20%20%20at%20g%20(http%3A%2F%2Flocalhost%3A9876%2Fabsolute%2Fhome%2Fyucheng-slave%2FYummet%2FWebapp%2Fapp%2Fv1%2Fcore%2Fappserver%2Fsrc%2Fmain%2Fwebapp%2Fassets%2Fjs%2Fangular_v1.3.14%2Fangular.min.js%3F979143a6b10532413aefba462844d59df29fb2c1%3A34%3A399)%0A%20%20%20%20at%20Object.ab%20%5Bas%20injector%5D%20(http%3A%2F%2Flocalhost%3A9876%2Fabsolute%2Fhome%2Fyucheng-slave%2FYummet%2FWebapp%2Fapp%2Fv1%2Fcore%2Fappserver%2Fsrc%2Fmain%2Fwebapp%2Fassets%2Fjs%2Fangular_v1.3.14%2Fangular.min.js%3F979143a6b10532413aefba462844d59df29fb2c1%3A38%3A135)%0A%20%20%20%20at%20Object.workFn%20(http%3A%2F%2Flocalhost%3A9876%2Fbase%2Fangular-mocks.js%3F22d2ba1b1057c6b4d908b5bef8c0f16e46f8b036%3A2353%3A52)
    at Error (native)
    at /home/yucheng-slave/Yummet/Webapp/app/v1/core/appserver/src/main/webapp/assets/js/angular_v1.3.14/angular.min.js:6:417
    at /home/yucheng-slave/Yummet/Webapp/app/v1/core/appserver/src/main/webapp/assets/js/angular_v1.3.14/angular.min.js:35:320
    at s (/home/yucheng-slave/Yummet/Webapp/app/v1/core/appserver/src/main/webapp/assets/js/angular_v1.3.14/angular.min.js:7:302)
    at g (/home/yucheng-slave/Yummet/Webapp/app/v1/core/appserver/src/main/webapp/assets/js/angular_v1.3.14/angular.min.js:34:399)
    at Object.ab [as injector] (/home/yucheng-slave/Yummet/Webapp/app/v1/core/appserver/src/main/webapp/assets/js/angular_v1.3.14/angular.min.js:38:135)
    at Object.workFn (/home/yucheng-slave/Yummet/Webapp/app/v1/core/appserver/src/main/webapp/resources/angular/test/angular-mocks.js:2353:52)
</failure>
      <failure type="">TypeError: Cannot read property &apos;message&apos; of undefined
    at Object.&lt;anonymous&gt; (/home/yucheng-slave/Yummet/Webapp/app/v1/core/appserver/src/main/webapp/resources/angular/test/notificationAppControllerTest.js:16:16)
</failure>
    </testcase>
    <system-out><![CDATA[
]]></system-out>
    <system-err/>
  </testsuite>
</testsuites>
